..\..\lib\CTPMDAPI.pdb
F:\myc#\CTP\CTPMDAPI\CTPMDAPI\..\..\lib\CTPMDAPI.dll
F:\myc#\CTP\CTPMDAPI\CTPMDAPI\Release\cl.command.1.tlog
F:\myc#\CTP\CTPMDAPI\CTPMDAPI\Release\CL.read.1.tlog
F:\myc#\CTP\CTPMDAPI\CTPMDAPI\Release\CL.write.1.tlog
F:\MYC#\CTP\CTPMDAPI\CTPMDAPI\RELEASE\CTPMDAPI.DLL.INTERMEDIATE.MANIFEST
F:\MYC#\CTP\CTPMDAPI\CTPMDAPI\RELEASE\CTPMDAPI.OBJ
F:\MYC#\CTP\CTPMDAPI\CTPMDAPI\RELEASE\CTPMDAPI.PCH
F:\myc#\CTP\CTPMDAPI\CTPMDAPI\Release\CTPMDAPI.write.1.tlog
F:\MYC#\CTP\CTPMDAPI\CTPMDAPI\RELEASE\DLLMAIN.OBJ
F:\myc#\CTP\CTPMDAPI\CTPMDAPI\Release\link.command.1.tlog
F:\myc#\CTP\CTPMDAPI\CTPMDAPI\Release\link.read.1.tlog
F:\myc#\CTP\CTPMDAPI\CTPMDAPI\Release\link.write.1.tlog
F:\myc#\CTP\CTPMDAPI\CTPMDAPI\Release\mt.command.1.tlog
F:\myc#\CTP\CTPMDAPI\CTPMDAPI\Release\mt.read.1.tlog
F:\myc#\CTP\CTPMDAPI\CTPMDAPI\Release\mt.write.1.tlog
F:\MYC#\CTP\CTPMDAPI\CTPMDAPI\RELEASE\STDAFX.OBJ
F:\MYC#\CTP\CTPMDAPI\CTPMDAPI\RELEASE\VC100.PDB
F:\MYC#\CTP\LIB\CTPMDAPI.DLL
F:\myc#\CTP\lib\CTPMDAPI.exp
F:\myc#\CTP\lib\CTPMDAPI.lib
F:\MYC#\CTP\LIB\CTPMDAPI.PDB
