生成启动时间为 2014/4/17 0:19:36。
     1>项目“F:\myc#\CTP\CTPMDAPI\CTPMDAPI\CTPMDAPI.vcxproj”在节点 2 上(rebuild 个目标)。
     1>_PrepareForClean:
         正在删除文件“Release\CTPMDAPI.lastbuildstate”。
     1>C:\Program Files (x86)\MSBuild\Microsoft.Cpp\v4.0\Microsoft.CppBuild.targets(299,5): warning MSB8004: Output 目录未以斜杠结尾。此生成实例将添加斜杠，因为必须有这个斜杠才能正确计算 Output 目录。
       InitializeBuildStatus:
         正在创建“Release\CTPMDAPI.unsuccessfulbuild”，因为已指定“AlwaysCreate”。
       ClCompile:
         C:\Program Files (x86)\Microsoft Visual Studio 10.0\VC\bin\CL.exe /c /Zi /nologo /W3 /WX- /O2 /Oi /Oy- /GL /D WIN32 /D NDEBUG /D _WINDOWS /D _USRDLL /D CTPMDAPI_EXPORTS /D _WINDLL /D _UNICODE /D UNICODE /Gm- /EHsc /MD /GS /Gy /fp:precise /Zc:wchar_t /Zc:forScope /Yc"StdAfx.h" /Fp"Release\CTPMDAPI.pch" /Fo"Release\\" /Fd"Release\vc100.pdb" /Gd /TP /analyze- /errorReport:prompt stdafx.cpp
         stdafx.cpp
         C:\Program Files (x86)\Microsoft Visual Studio 10.0\VC\bin\CL.exe /c /Zi /nologo /W3 /WX- /O2 /Oi /Oy- /GL /D WIN32 /D NDEBUG /D _WINDOWS /D _USRDLL /D CTPMDAPI_EXPORTS /D _WINDLL /D _UNICODE /D UNICODE /Gm- /EHsc /MD /GS /Gy /fp:precise /Zc:wchar_t /Zc:forScope /Yu"StdAfx.h" /Fp"Release\CTPMDAPI.pch" /Fo"Release\\" /Fd"Release\vc100.pdb" /Gd /TP /analyze- /errorReport:prompt CTPMDAPI.cpp
         CTPMDAPI.cpp
     1>CTPMDAPI.cpp : warning C4819: 该文件包含不能在当前代码页(936)中表示的字符。请将该文件保存为 Unicode 格式以防止数据丢失
         C:\Program Files (x86)\Microsoft Visual Studio 10.0\VC\bin\CL.exe /c /Zi /nologo /W3 /WX- /O2 /Oi /Oy- /GL /D WIN32 /D NDEBUG /D _WINDOWS /D _USRDLL /D CTPMDAPI_EXPORTS /D _WINDLL /D _UNICODE /D UNICODE /Gm- /EHsc /MD /GS /Gy /fp:precise /Zc:wchar_t /Zc:forScope /Fo"Release\\" /Fd"Release\vc100.pdb" /Gd /TP /analyze- /errorReport:prompt dllmain.cpp
         dllmain.cpp
       Link:
         C:\Program Files (x86)\Microsoft Visual Studio 10.0\VC\bin\link.exe /ERRORREPORT:PROMPT /OUT:"..\..\lib\CTPMDAPI.dll" /INCREMENTAL:NO /NOLOGO ./thostmduserapi.lib kernel32.lib user32.lib gdi32.lib winspool.lib comdlg32.lib advapi32.lib shell32.lib ole32.lib oleaut32.lib uuid.lib odbc32.lib odbccp32.lib kernel32.lib user32.lib gdi32.lib winspool.lib comdlg32.lib advapi32.lib shell32.lib ole32.lib oleaut32.lib uuid.lib odbc32.lib odbccp32.lib /DEF:"CTPMDAPI.def" /MANIFEST /ManifestFile:"Release\CTPMDAPI.dll.intermediate.manifest" /MANIFESTUAC:"level='asInvoker' uiAccess='false'" /DEBUG /PDB:"F:\myc#\CTP\lib\CTPMDAPI.pdb" /SUBSYSTEM:WINDOWS /OPT:REF /OPT:ICF /LTCG /TLBID:1 /DYNAMICBASE /NXCOMPAT /IMPLIB:"..\..\lib\CTPMDAPI.lib" /MACHINE:X86 /DLL Release\CTPMDAPI.obj
         Release\dllmain.obj
         Release\stdafx.obj
            正在创建库 ..\..\lib\CTPMDAPI.lib 和对象 ..\..\lib\CTPMDAPI.exp
     1>CTPMDAPI.exp : warning LNK4070: .EXP 中的 /OUT:dllmain.dll 指令与输出文件名“..\..\lib\CTPMDAPI.dll”不同；忽略指令
         正在生成代码
         已完成代码的生成
     1>CTPMDAPI.exp : warning LNK4070: .EXP 中的 /OUT:dllmain.dll 指令与输出文件名“..\..\lib\CTPMDAPI.dll”不同；忽略指令
         CTPMDAPI.vcxproj -> F:\myc#\CTP\CTPMDAPI\CTPMDAPI\..\..\lib\CTPMDAPI.dll
       Manifest:
         C:\Program Files (x86)\Microsoft SDKs\Windows\v7.0A\bin\mt.exe /nologo /verbose /outputresource:"..\..\lib\CTPMDAPI.dll;#2" /manifest Release\CTPMDAPI.dll.intermediate.manifest
       FinalizeBuildStatus:
         正在删除文件“Release\CTPMDAPI.unsuccessfulbuild”。
         正在对“Release\CTPMDAPI.lastbuildstate”执行 Touch 任务。
     1>已完成生成项目“F:\myc#\CTP\CTPMDAPI\CTPMDAPI\CTPMDAPI.vcxproj”(rebuild 个目标)的操作。

生成成功。

已用时间 00:00:03.65
