..\..\lib\CTPTDAPI.pdb
F:\myc#\CTP\CTPTDAPI\CTPTDAPI\..\..\lib\CTPTDAPI.dll
F:\myc#\CTP\CTPTDAPI\CTPTDAPI\Release\cl.command.1.tlog
F:\myc#\CTP\CTPTDAPI\CTPTDAPI\Release\CL.read.1.tlog
F:\myc#\CTP\CTPTDAPI\CTPTDAPI\Release\CL.write.1.tlog
F:\MYC#\CTP\CTPTDAPI\CTPTDAPI\RELEASE\CTPTDAPI.DLL.INTERMEDIATE.MANIFEST
F:\MYC#\CTP\CTPTDAPI\CTPTDAPI\RELEASE\CTPTDAPI.OBJ
F:\MYC#\CTP\CTPTDAPI\CTPTDAPI\RELEASE\CTPTDAPI.PCH
F:\myc#\CTP\CTPTDAPI\CTPTDAPI\Release\CTPTDAPI.write.1.tlog
F:\MYC#\CTP\CTPTDAPI\CTPTDAPI\RELEASE\DLLMAIN.OBJ
F:\myc#\CTP\CTPTDAPI\CTPTDAPI\Release\link.command.1.tlog
F:\myc#\CTP\CTPTDAPI\CTPTDAPI\Release\link.read.1.tlog
F:\myc#\CTP\CTPTDAPI\CTPTDAPI\Release\link.write.1.tlog
F:\myc#\CTP\CTPTDAPI\CTPTDAPI\Release\mt.command.1.tlog
F:\myc#\CTP\CTPTDAPI\CTPTDAPI\Release\mt.read.1.tlog
F:\myc#\CTP\CTPTDAPI\CTPTDAPI\Release\mt.write.1.tlog
F:\MYC#\CTP\CTPTDAPI\CTPTDAPI\RELEASE\STDAFX.OBJ
F:\MYC#\CTP\CTPTDAPI\CTPTDAPI\RELEASE\VC100.PDB
F:\MYC#\CTP\LIB\CTPTDAPI.DLL
F:\myc#\CTP\lib\CTPTDAPI.exp
F:\myc#\CTP\lib\CTPTDAPI.lib
F:\MYC#\CTP\LIB\CTPTDAPI.PDB
