..\ApiDebugC+\TradeApi.ilk
..\ApiDebugC+\TradeApi.pdb
D:\HUBERT\VS2010\APIDEBUGC+\TRADEAPI.DLL
D:\hubert\VS2010\ApiDebugC+\TradeApi.exp
D:\HUBERT\VS2010\APIDEBUGC+\TRADEAPI.ILK
D:\hubert\VS2010\ApiDebugC+\TradeApi.lib
D:\HUBERT\VS2010\APIDEBUGC+\TRADEAPI.PDB
D:\hubert\VS2010\TradeApi\..\ApiDebugC+\TradeApi.dll
D:\HUBERT\VS2010\TRADEAPI\DEBUG\APIMAIN.OBJ
D:\hubert\VS2010\TradeApi\Debug\cl.command.1.tlog
D:\hubert\VS2010\TradeApi\Debug\CL.read.1.tlog
D:\hubert\VS2010\TradeApi\Debug\CL.write.1.tlog
D:\HUBERT\VS2010\TRADEAPI\DEBUG\DLLMAIN.OBJ
D:\hubert\VS2010\TradeApi\Debug\link.4512.read.1.tlog
D:\hubert\VS2010\TradeApi\Debug\link.4512.write.1.tlog
D:\hubert\VS2010\TradeApi\Debug\link.4512-cvtres.read.1.tlog
D:\hubert\VS2010\TradeApi\Debug\link.4512-cvtres.write.1.tlog
D:\hubert\VS2010\TradeApi\Debug\link.command.1.tlog
D:\hubert\VS2010\TradeApi\Debug\link.read.1.tlog
D:\hubert\VS2010\TradeApi\Debug\link.write.1.tlog
D:\hubert\VS2010\TradeApi\Debug\link-cvtres.read.1.tlog
D:\hubert\VS2010\TradeApi\Debug\link-cvtres.write.1.tlog
D:\hubert\VS2010\TradeApi\Debug\mt.command.1.tlog
D:\hubert\VS2010\TradeApi\Debug\mt.read.1.tlog
D:\hubert\VS2010\TradeApi\Debug\mt.write.1.tlog
D:\hubert\VS2010\TradeApi\Debug\rc.command.1.tlog
D:\hubert\VS2010\TradeApi\Debug\rc.read.1.tlog
D:\hubert\VS2010\TradeApi\Debug\rc.write.1.tlog
D:\HUBERT\VS2010\TRADEAPI\DEBUG\STDAFX.OBJ
D:\HUBERT\VS2010\TRADEAPI\DEBUG\TRADEAPI.DLL.EMBED.MANIFEST
D:\HUBERT\VS2010\TRADEAPI\DEBUG\TRADEAPI.DLL.EMBED.MANIFEST.RES
D:\HUBERT\VS2010\TRADEAPI\DEBUG\TRADEAPI.DLL.INTERMEDIATE.MANIFEST
D:\HUBERT\VS2010\TRADEAPI\DEBUG\TRADEAPI.OBJ
D:\HUBERT\VS2010\TRADEAPI\DEBUG\TRADEAPI.PCH
D:\HUBERT\VS2010\TRADEAPI\DEBUG\TRADEAPI.RES
D:\hubert\VS2010\TradeApi\Debug\TradeApi.write.1.tlog
D:\hubert\VS2010\TradeApi\Debug\TradeApi_manifest.rc
D:\hubert\VS2010\TradeApi\Debug\vc100.idb
D:\HUBERT\VS2010\TRADEAPI\DEBUG\VC100.PDB
