生成启动时间为 2010/7/8 8:45:30。
     1>项目“D:\hubert\VS2010\TradeApi\TradeApi.vcxproj”在节点 2 上(rebuild 个目标)。
     1>_PrepareForClean:
         正在删除文件“Debug\TradeApi.lastbuildstate”。
       InitializeBuildStatus:
         正在创建“Debug\TradeApi.unsuccessfulbuild”，因为已指定“AlwaysCreate”。
       ClCompile:
         C:\Program Files\Microsoft Visual Studio 10.0\VC\bin\CL.exe /c /ZI /nologo /W3 /WX- /Od /Oy- /D WIN32 /D _DEBUG /D _WINDOWS /D _USRDLL /D TRADEAPI_EXPORTS /D _WINDLL /D _UNICODE /D UNICODE /Gm /EHsc /RTC1 /MDd /GS /fp:precise /Zc:wchar_t /Zc:forScope /Yc"StdAfx.h" /Fp"Debug\TradeApi.pch" /Fo"Debug\\" /Fd"Debug\vc100.pdb" /Gd /TP /analyze- /errorReport:prompt stdafx.cpp
         stdafx.cpp
         C:\Program Files\Microsoft Visual Studio 10.0\VC\bin\CL.exe /c /ZI /nologo /W3 /WX- /Od /Oy- /D WIN32 /D _DEBUG /D _WINDOWS /D _USRDLL /D TRADEAPI_EXPORTS /D _WINDLL /D _UNICODE /D UNICODE /Gm /EHsc /RTC1 /MDd /GS /fp:precise /Zc:wchar_t /Zc:forScope /Yu"StdAfx.h" /Fp"Debug\TradeApi.pch" /Fo"Debug\\" /Fd"Debug\vc100.pdb" /Gd /TP /analyze- /errorReport:prompt ApiMain.cpp TradeApi.cpp
         TradeApi.cpp
         ApiMain.cpp
         正在生成代码...
         C:\Program Files\Microsoft Visual Studio 10.0\VC\bin\CL.exe /c /ZI /nologo /W3 /WX- /Od /Oy- /D WIN32 /D _DEBUG /D _WINDOWS /D _USRDLL /D TRADEAPI_EXPORTS /D _WINDLL /D _UNICODE /D UNICODE /Gm /EHsc /RTC1 /MDd /GS /fp:precise /Zc:wchar_t /Zc:forScope /Fo"Debug\\" /Fd"Debug\vc100.pdb" /Gd /TP /analyze- /errorReport:prompt dllmain.cpp
         dllmain.cpp
       ResourceCompile:
         C:\Program Files\Microsoft SDKs\Windows\v7.0A\bin\rc.exe /D _UNICODE /D UNICODE /l"0x0409" /nologo /fo"Debug\TradeApi.res" TradeApi.rc 
       ManifestResourceCompile:
         C:\Program Files\Microsoft SDKs\Windows\v7.0A\bin\rc.exe /nologo /fo"Debug\TradeApi.dll.embed.manifest.res" Debug\TradeApi_manifest.rc 
       Link:
         C:\Program Files\Microsoft Visual Studio 10.0\VC\bin\link.exe /ERRORREPORT:PROMPT /OUT:"..\ApiDebugC+\TradeApi.dll" /INCREMENTAL /NOLOGO kernel32.lib user32.lib gdi32.lib winspool.lib comdlg32.lib advapi32.lib shell32.lib ole32.lib oleaut32.lib uuid.lib odbc32.lib odbccp32.lib /MANIFEST /ManifestFile:"Debug\TradeApi.dll.intermediate.manifest" /MANIFESTUAC:"level='asInvoker' uiAccess='false'" /DEBUG /PDB:"D:\hubert\VS2010\ApiDebugC+\TradeApi.pdb" /SUBSYSTEM:WINDOWS /TLBID:1 /DYNAMICBASE /NXCOMPAT /IMPLIB:"..\ApiDebugC+\TradeApi.lib" /MACHINE:X86 /DLL Debug\TradeApi.res
         Debug\TradeApi.dll.embed.manifest.res
         Debug\ApiMain.obj
         Debug\dllmain.obj
         Debug\stdafx.obj
         Debug\TradeApi.obj
         api\thosttraderapi.lib
            正在创建库 ..\ApiDebugC+\TradeApi.lib 和对象 ..\ApiDebugC+\TradeApi.exp
       Manifest:
         正在删除文件“Debug\TradeApi.dll.embed.manifest”。
         C:\Program Files\Microsoft SDKs\Windows\v7.0A\bin\mt.exe /nologo /verbose /out:"Debug\TradeApi.dll.embed.manifest" /manifest Debug\TradeApi.dll.intermediate.manifest
         C:\Program Files\Microsoft SDKs\Windows\v7.0A\bin\rc.exe /nologo /fo"Debug\TradeApi.dll.embed.manifest.res" Debug\TradeApi_manifest.rc 
       LinkEmbedManifest:
         C:\Program Files\Microsoft Visual Studio 10.0\VC\bin\link.exe /ERRORREPORT:PROMPT /OUT:"..\ApiDebugC+\TradeApi.dll" /INCREMENTAL /NOLOGO kernel32.lib user32.lib gdi32.lib winspool.lib comdlg32.lib advapi32.lib shell32.lib ole32.lib oleaut32.lib uuid.lib odbc32.lib odbccp32.lib /MANIFEST /ManifestFile:"Debug\TradeApi.dll.intermediate.manifest" /MANIFESTUAC:"level='asInvoker' uiAccess='false'" /DEBUG /PDB:"D:\hubert\VS2010\ApiDebugC+\TradeApi.pdb" /SUBSYSTEM:WINDOWS /TLBID:1 /DYNAMICBASE /NXCOMPAT /IMPLIB:"..\ApiDebugC+\TradeApi.lib" /MACHINE:X86 /DLL Debug\TradeApi.res
         Debug\TradeApi.dll.embed.manifest.res
         Debug\ApiMain.obj
         Debug\dllmain.obj
         Debug\stdafx.obj
         Debug\TradeApi.obj
         api\thosttraderapi.lib
            正在创建库 ..\ApiDebugC+\TradeApi.lib 和对象 ..\ApiDebugC+\TradeApi.exp
         TradeApi.vcxproj -> D:\hubert\VS2010\TradeApi\..\ApiDebugC+\TradeApi.dll
       FinalizeBuildStatus:
         正在删除文件“Debug\TradeApi.unsuccessfulbuild”。
         正在对“Debug\TradeApi.lastbuildstate”执行 Touch 任务。
     1>已完成生成项目“D:\hubert\VS2010\TradeApi\TradeApi.vcxproj”(rebuild 个目标)的操作。

生成成功。

已用时间 00:00:06.31
